[INFO][19-11-11][com.dao.UserDaoTest]info:进入了testLog4j
[DEBUG][19-11-11][com.dao.UserDaoTest]debug:进入了testLog4j
[ERROR][19-11-11][com.dao.UserDaoTest]error:进入了testLog4j
[DEBUG][19-11-11][org.apache.ibatis.logging.LogFactory]Logging initialized using 'class org.apache.ibatis.logging.log4j.Log4jImpl' adapter.
[DEBUG][19-11-11][org.apache.ibatis.datasource.pooled.PooledDataSource]PooledDataSource forcefully closed/removed all connections.
[DEBUG][19-11-11][org.apache.ibatis.datasource.pooled.PooledDataSource]PooledDataSource forcefully closed/removed all connections.
[DEBUG][19-11-11][org.apache.ibatis.datasource.pooled.PooledDataSource]PooledDataSource forcefully closed/removed all connections.
[DEBUG][19-11-11][org.apache.ibatis.datasource.pooled.PooledDataSource]PooledDataSource forcefully closed/removed all connections.
[DEBUG][19-11-11][org.apache.ibatis.transaction.jdbc.JdbcTransaction]Opening JDBC Connection
[DEBUG][19-11-11][org.apache.ibatis.datasource.pooled.PooledDataSource]Created connection 440737101.
[DEBUG][19-11-11][org.apache.ibatis.transaction.jdbc.JdbcTransaction]Setting autocommit to false on JDBC Connection [com.mysql.cj.jdbc.ConnectionImpl@1a451d4d]
[DEBUG][19-11-11][com.dao.UserMapper.getUserList]==>  Preparing: select * from mybatis.tbl_employee 
[DEBUG][19-11-11][com.dao.UserMapper.getUserList]==> Parameters: 
[DEBUG][19-11-11][com.dao.UserMapper.getUserList]<==      Total: 4
[INFO][19-11-11][com.dao.UserDaoTest]info:进入了testLog4j
[DEBUG][19-11-11][org.apache.ibatis.transaction.jdbc.JdbcTransaction]Resetting autocommit to true on JDBC Connection [com.mysql.cj.jdbc.ConnectionImpl@1a451d4d]
[DEBUG][19-11-11][org.apache.ibatis.transaction.jdbc.JdbcTransaction]Closing JDBC Connection [com.mysql.cj.jdbc.ConnectionImpl@1a451d4d]
[DEBUG][19-11-11][org.apache.ibatis.datasource.pooled.PooledDataSource]Returned connection 440737101 to pool.
[DEBUG][19-11-11][org.apache.ibatis.logging.LogFactory]Logging initialized using 'class org.apache.ibatis.logging.log4j.Log4jImpl' adapter.
[DEBUG][19-11-11][org.apache.ibatis.datasource.pooled.PooledDataSource]PooledDataSource forcefully closed/removed all connections.
[DEBUG][19-11-11][org.apache.ibatis.datasource.pooled.PooledDataSource]PooledDataSource forcefully closed/removed all connections.
[DEBUG][19-11-11][org.apache.ibatis.datasource.pooled.PooledDataSource]PooledDataSource forcefully closed/removed all connections.
[DEBUG][19-11-11][org.apache.ibatis.datasource.pooled.PooledDataSource]PooledDataSource forcefully closed/removed all connections.
[DEBUG][19-11-11][org.apache.ibatis.transaction.jdbc.JdbcTransaction]Opening JDBC Connection
[DEBUG][19-11-11][org.apache.ibatis.datasource.pooled.PooledDataSource]Created connection 1202683709.
[DEBUG][19-11-11][org.apache.ibatis.transaction.jdbc.JdbcTransaction]Setting autocommit to false on JDBC Connection [com.mysql.cj.jdbc.ConnectionImpl@47af7f3d]
[DEBUG][19-11-11][com.dao.UserMapper.getUserByLimit]==>  Preparing: select * from mybatis.tbl_employee limit ?,? 
[DEBUG][19-11-11][com.dao.UserMapper.getUserByLimit]==> Parameters: 1(Integer), 3(Integer)
[DEBUG][19-11-11][com.dao.UserMapper.getUserByLimit]<==      Total: 3
[DEBUG][19-11-11][org.apache.ibatis.transaction.jdbc.JdbcTransaction]Resetting autocommit to true on JDBC Connection [com.mysql.cj.jdbc.ConnectionImpl@47af7f3d]
[DEBUG][19-11-11][org.apache.ibatis.transaction.jdbc.JdbcTransaction]Closing JDBC Connection [com.mysql.cj.jdbc.ConnectionImpl@47af7f3d]
[DEBUG][19-11-11][org.apache.ibatis.datasource.pooled.PooledDataSource]Returned connection 1202683709 to pool.
[DEBUG][19-11-11][org.apache.ibatis.logging.LogFactory]Logging initialized using 'class org.apache.ibatis.logging.log4j.Log4jImpl' adapter.
[DEBUG][19-11-11][org.apache.ibatis.datasource.pooled.PooledDataSource]PooledDataSource forcefully closed/removed all connections.
[DEBUG][19-11-11][org.apache.ibatis.datasource.pooled.PooledDataSource]PooledDataSource forcefully closed/removed all connections.
[DEBUG][19-11-11][org.apache.ibatis.datasource.pooled.PooledDataSource]PooledDataSource forcefully closed/removed all connections.
[DEBUG][19-11-11][org.apache.ibatis.datasource.pooled.PooledDataSource]PooledDataSource forcefully closed/removed all connections.
[DEBUG][19-11-11][org.apache.ibatis.transaction.jdbc.JdbcTransaction]Opening JDBC Connection
[DEBUG][19-11-11][org.apache.ibatis.datasource.pooled.PooledDataSource]Created connection 1202683709.
[DEBUG][19-11-11][org.apache.ibatis.transaction.jdbc.JdbcTransaction]Setting autocommit to false on JDBC Connection [com.mysql.cj.jdbc.ConnectionImpl@47af7f3d]
[DEBUG][19-11-11][com.dao.UserMapper.getUserByLimit]==>  Preparing: select * from mybatis.tbl_employee limit ?,? 
[DEBUG][19-11-11][com.dao.UserMapper.getUserByLimit]==> Parameters: 1(Integer), 3(Integer)
[DEBUG][19-11-11][com.dao.UserMapper.getUserByLimit]<==      Total: 3
[DEBUG][19-11-11][org.apache.ibatis.transaction.jdbc.JdbcTransaction]Resetting autocommit to true on JDBC Connection [com.mysql.cj.jdbc.ConnectionImpl@47af7f3d]
[DEBUG][19-11-11][org.apache.ibatis.transaction.jdbc.JdbcTransaction]Closing JDBC Connection [com.mysql.cj.jdbc.ConnectionImpl@47af7f3d]
[DEBUG][19-11-11][org.apache.ibatis.datasource.pooled.PooledDataSource]Returned connection 1202683709 to pool.
